Using pre-set license
Built from '2020.3/staging' branch; Version is '2020.3.0f1 (c7b5465681fb) revision 13088070'; Using compiler version '192528614'; Build Type 'Release'
OS: 'Windows 10 Home; OS build 19042.1165; Version 2009; 64bit' Language: 'en' Physical Memory: 15970 MB
BatchMode: 1, IsHumanControllingUs: 0, StartBugReporterOnCrash: 0, Is64bit: 1, IsPro: 0

 COMMAND LINE ARGUMENTS:
C:\Program Files\Unity\Hub\Editor\2020.3.0f1\Editor\Unity.exe
-adb2
-batchMode
-noUpm
-name
AssetImportWorker2
-projectPath
C:/Users/csviv/Desktop/unity/autumn
-logFile
Logs/AssetImportWorker2.log
-srvPort
59758
Successfully changed project path to: C:/Users/csviv/Desktop/unity/autumn
C:/Users/csviv/Desktop/unity/autumn
Using Asset Import Pipeline V2.
Refreshing native plugins compatible for Editor in 370.99 ms, found 0 plugins.
Preloading 0 native plugins for Editor in 0.00 ms.
Initialize engine version: 2020.3.0f1 (c7b5465681fb)
[Subsystems] Discovering subsystems at path C:/Program Files/Unity/Hub/Editor/2020.3.0f1/Editor/Data/Resources/UnitySubsystems
[Subsystems] Discovering subsystems at path C:/Users/csviv/Desktop/unity/autumn/Assets
GfxDevice: creating device client; threaded=0
Direct3D:
    Version:  Direct3D 11.0 [level 11.1]
    Renderer: Intel(R) Iris(R) Plus Graphics (ID=0x8a52)
    Vendor:   
    VRAM:     7985 MB
    Driver:   27.20.100.8681
Initialize mono
Mono path[0] = 'C:/Program Files/Unity/Hub/Editor/2020.3.0f1/Editor/Data/Managed'
Mono path[1] = 'C:/Program Files/Unity/Hub/Editor/2020.3.0f1/Editor/Data/MonoBleedingEdge/lib/mono/unityjit'
Mono config path = 'C:/Program Files/Unity/Hub/Editor/2020.3.0f1/Editor/Data/MonoBleedingEdge/etc'
Using monoOptions --debugger-agent=transport=dt_socket,embedding=1,server=y,suspend=n,address=127.0.0.1:56612
Begin MonoManager ReloadAssembly
Registering precompiled unity dll's ...
Register platform support module: C:/Program Files/Unity/Hub/Editor/2020.3.0f1/Editor/Data/PlaybackEngines/WebGLSupport/UnityEditor.WebGL.Extensions.dll
Register platform support module: C:/Program Files/Unity/Hub/Editor/2020.3.0f1/Editor/Data/PlaybackEngines/WindowsStandaloneSupport/UnityEditor.WindowsStandalone.Extensions.dll
Registered in 0.007425 seconds.
Native extension for WindowsStandalone target not found
Native extension for WebGL target not found
Refreshing native plugins compatible for Editor in 224.37 ms, found 0 plugins.
Preloading 0 native plugins for Editor in 0.00 ms.
Invoked RoslynAnalysisRunner static constructor.
RoslynAnalysisRunner will not be running.
RoslynAnalysisRunner has terminated.
Mono: successfully reloaded assembly
- Completed reload, in  8.757 seconds
Platform modules already initialized, skipping
Registering precompiled user dll's ...
Registered in 0.006114 seconds.
Begin MonoManager ReloadAssembly
Native extension for WindowsStandalone target not found
Native extension for WebGL target not found
Refreshing native plugins compatible for Editor in 1.19 ms, found 0 plugins.
Preloading 0 native plugins for Editor in 0.00 ms.
Invoked RoslynAnalysisRunner static constructor.
RoslynAnalysisRunner will not be running.
RoslynAnalysisRunner has terminated.
Mono: successfully reloaded assembly
- Completed reload, in  3.253 seconds
Platform modules already initialized, skipping
========================================================================
Worker process is ready to serve import requests
Launched and connected shader compiler UnityShaderCompiler.exe after 0.23 seconds
Refreshing native plugins compatible for Editor in 1.08 ms, found 0 plugins.
Preloading 0 native plugins for Editor in 0.00 ms.
Unloading 2479 Unused Serialized files (Serialized files now loaded: 0)
System memory in use before: 101.9 MB.
System memory in use after: 102.1 MB.

Unloading 19 unused Assets to reduce memory usage. Loaded Objects now: 2928.
Total: 5.224600 ms (FindLiveObjects: 0.615500 ms CreateObjectMapping: 0.216700 ms MarkObjects: 4.077900 ms  DeleteObjects: 0.311300 ms)

========================================================================
Received Import Request.
  path: Assets/New Dialogue Database.asset
  artifactKey: Guid(7a1a08f129f665a4da8bea81029b7557) Importer(815301076,1909f56bfc062723c751e8b465ee728b)
Start importing Assets/New Dialogue Database.asset using Guid(7a1a08f129f665a4da8bea81029b7557) Importer(815301076,1909f56bfc062723c751e8b465ee728b)  -> (artifact id: '0e28a599a079b3b0f3146a4011d2900f') in 0.155878 seconds
  Import took 0.169168 seconds .

========================================================================
Received Import Request.
  Time since last request: 0.053707 seconds.
  path: Assets/New Dialogue Database.asset
  artifactKey: Guid(7a1a08f129f665a4da8bea81029b7557) Importer(815301076,1909f56bfc062723c751e8b465ee728b)
Start importing Assets/New Dialogue Database.asset using Guid(7a1a08f129f665a4da8bea81029b7557) Importer(815301076,1909f56bfc062723c751e8b465ee728b)  -> (artifact id: '0e28a599a079b3b0f3146a4011d2900f') in 0.014587 seconds
  Import took 0.026640 seconds .

========================================================================
Received Import Request.
  Time since last request: 23.469387 seconds.
  path: Assets/Resources/Item/carrot.prefab
  artifactKey: Guid(e1e06b0498cb9cc45af87d3bed8e9c70) Importer(815301076,1909f56bfc062723c751e8b465ee728b)
Start importing Assets/Resources/Item/carrot.prefab using Guid(e1e06b0498cb9cc45af87d3bed8e9c70) Importer(815301076,1909f56bfc062723c751e8b465ee728b)  -> (artifact id: 'cb9c299c3a82d430b9421ae15dc68a95') in 0.444214 seconds
  Import took 0.460138 seconds .

========================================================================
Received Import Request.
  Time since last request: 4.544433 seconds.
  path: Assets/Resources/Item/carrot.prefab
  artifactKey: Guid(e1e06b0498cb9cc45af87d3bed8e9c70) Importer(815301076,1909f56bfc062723c751e8b465ee728b)
Start importing Assets/Resources/Item/carrot.prefab using Guid(e1e06b0498cb9cc45af87d3bed8e9c70) Importer(815301076,1909f56bfc062723c751e8b465ee728b)  -> (artifact id: 'cb5c59f6eef799cdc764a601c4e707fe') in 0.097545 seconds
  Import took 0.109125 seconds .

========================================================================
Received Import Request.
  Time since last request: 25.028363 seconds.
  path: Assets/Resources/Item/carrot.prefab
  artifactKey: Guid(e1e06b0498cb9cc45af87d3bed8e9c70) Importer(815301076,1909f56bfc062723c751e8b465ee728b)
Start importing Assets/Resources/Item/carrot.prefab using Guid(e1e06b0498cb9cc45af87d3bed8e9c70) Importer(815301076,1909f56bfc062723c751e8b465ee728b)  -> (artifact id: 'bda8d9f3b3f2a30ebd71326732c6c781') in 0.100794 seconds
  Import took 0.114693 seconds .

========================================================================
Received Import Request.
  Time since last request: 0.054548 seconds.
  path: Assets/Resources/Item/carrot.prefab
  artifactKey: Guid(e1e06b0498cb9cc45af87d3bed8e9c70) Importer(815301076,1909f56bfc062723c751e8b465ee728b)
Start importing Assets/Resources/Item/carrot.prefab using Guid(e1e06b0498cb9cc45af87d3bed8e9c70) Importer(815301076,1909f56bfc062723c751e8b465ee728b)  -> (artifact id: 'bda8d9f3b3f2a30ebd71326732c6c781') in 0.103994 seconds
  Import took 0.115571 seconds .

========================================================================
Received Import Request.
  Time since last request: 0.867130 seconds.
  path: Assets/Resources/Item/carrot.prefab
  artifactKey: Guid(e1e06b0498cb9cc45af87d3bed8e9c70) Importer(815301076,1909f56bfc062723c751e8b465ee728b)
Start importing Assets/Resources/Item/carrot.prefab using Guid(e1e06b0498cb9cc45af87d3bed8e9c70) Importer(815301076,1909f56bfc062723c751e8b465ee728b)  -> (artifact id: '088aa860c52326c1adff139e9088c69b') in 0.111222 seconds
  Import took 0.143360 seconds .

========================================================================
Received Prepare
Registering precompiled user dll's ...
Registered in 0.006794 seconds.
Begin MonoManager ReloadAssembly
Native extension for WindowsStandalone target not found
Native extension for WebGL target not found
Refreshing native plugins compatible for Editor in 1.36 ms, found 0 plugins.
Preloading 0 native plugins for Editor in 0.00 ms.
Invoked RoslynAnalysisRunner static constructor.
RoslynAnalysisRunner will not be running.
RoslynAnalysisRunner has terminated.
Mono: successfully reloaded assembly
- Completed reload, in  3.039 seconds
Platform modules already initialized, skipping
Refreshing native plugins compatible for Editor in 1.19 ms, found 0 plugins.
Preloading 0 native plugins for Editor in 0.00 ms.
Unloading 2458 Unused Serialized files (Serialized files now loaded: 0)
System memory in use before: 103.6 MB.
System memory in use after: 103.8 MB.

Unloading 11 unused Assets to reduce memory usage. Loaded Objects now: 2940.
Total: 5.323000 ms (FindLiveObjects: 0.328600 ms CreateObjectMapping: 0.427100 ms MarkObjects: 4.372300 ms  DeleteObjects: 0.180800 ms)

========================================================================
Received Import Request.
  Time since last request: 201.466404 seconds.
  path: Assets/Resources/Item/carrot.prefab
  artifactKey: Guid(e1e06b0498cb9cc45af87d3bed8e9c70) Importer(815301076,1909f56bfc062723c751e8b465ee728b)
Start importing Assets/Resources/Item/carrot.prefab using Guid(e1e06b0498cb9cc45af87d3bed8e9c70) Importer(815301076,1909f56bfc062723c751e8b465ee728b)  -> (artifact id: 'd9ec2f03a39a70888782994ad47b4500') in 0.432993 seconds
  Import took 0.445031 seconds .

========================================================================
Received Prepare
Registering precompiled user dll's ...
Registered in 0.007756 seconds.
Begin MonoManager ReloadAssembly
Native extension for WindowsStandalone target not found
Native extension for WebGL target not found
Refreshing native plugins compatible for Editor in 1.22 ms, found 0 plugins.
Preloading 0 native plugins for Editor in 0.00 ms.
Invoked RoslynAnalysisRunner static constructor.
RoslynAnalysisRunner will not be running.
RoslynAnalysisRunner has terminated.
Mono: successfully reloaded assembly
- Completed reload, in  3.105 seconds
Platform modules already initialized, skipping
Refreshing native plugins compatible for Editor in 1.05 ms, found 0 plugins.
Preloading 0 native plugins for Editor in 0.00 ms.
Unloading 2456 Unused Serialized files (Serialized files now loaded: 0)
System memory in use before: 103.6 MB.
System memory in use after: 103.8 MB.

Unloading 11 unused Assets to reduce memory usage. Loaded Objects now: 2944.
Total: 5.137000 ms (FindLiveObjects: 0.775800 ms CreateObjectMapping: 0.236500 ms MarkObjects: 3.965000 ms  DeleteObjects: 0.156500 ms)

========================================================================
Received Prepare
Registering precompiled user dll's ...
Registered in 0.006093 seconds.
Begin MonoManager ReloadAssembly
Native extension for WindowsStandalone target not found
Native extension for WebGL target not found
Refreshing native plugins compatible for Editor in 1.04 ms, found 0 plugins.
Preloading 0 native plugins for Editor in 0.00 ms.
Invoked RoslynAnalysisRunner static constructor.
RoslynAnalysisRunner will not be running.
RoslynAnalysisRunner has terminated.
Mono: successfully reloaded assembly
- Completed reload, in  3.163 seconds
Platform modules already initialized, skipping
Refreshing native plugins compatible for Editor in 1.22 ms, found 0 plugins.
Preloading 0 native plugins for Editor in 0.00 ms.
Unloading 2456 Unused Serialized files (Serialized files now loaded: 0)
System memory in use before: 103.6 MB.
System memory in use after: 103.8 MB.

Unloading 10 unused Assets to reduce memory usage. Loaded Objects now: 2947.
Total: 4.745600 ms (FindLiveObjects: 0.545500 ms CreateObjectMapping: 0.199600 ms MarkObjects: 3.837800 ms  DeleteObjects: 0.159800 ms)

========================================================================
Received Prepare
Registering precompiled user dll's ...
Registered in 0.006046 seconds.
Begin MonoManager ReloadAssembly
Native extension for WindowsStandalone target not found
Native extension for WebGL target not found
Refreshing native plugins compatible for Editor in 1.47 ms, found 0 plugins.
Preloading 0 native plugins for Editor in 0.00 ms.
Invoked RoslynAnalysisRunner static constructor.
RoslynAnalysisRunner will not be running.
RoslynAnalysisRunner has terminated.
Mono: successfully reloaded assembly
- Completed reload, in  2.943 seconds
Platform modules already initialized, skipping
Refreshing native plugins compatible for Editor in 1.01 ms, found 0 plugins.
Preloading 0 native plugins for Editor in 0.00 ms.
Unloading 2456 Unused Serialized files (Serialized files now loaded: 0)
System memory in use before: 103.6 MB.
System memory in use after: 103.8 MB.

Unloading 10 unused Assets to reduce memory usage. Loaded Objects now: 2950.
Total: 5.245500 ms (FindLiveObjects: 0.533600 ms CreateObjectMapping: 0.221200 ms MarkObjects: 4.340200 ms  DeleteObjects: 0.123600 ms)

========================================================================
Received Import Request.
  Time since last request: 266.500673 seconds.
  path: Assets/Resources/ItemIcon/rake 1.png
  artifactKey: Guid(cb60ce837d9d8d5439e0cbe773466422) Importer(815301076,1909f56bfc062723c751e8b465ee728b)
Start importing Assets/Resources/ItemIcon/rake 1.png using Guid(cb60ce837d9d8d5439e0cbe773466422) Importer(815301076,1909f56bfc062723c751e8b465ee728b)  -> (artifact id: '8f6c51c99638bf5e3dfe4e5971c1d99e') in 0.209634 seconds
  Import took 0.222139 seconds .

========================================================================
Received Import Request.
  Time since last request: 3.430013 seconds.
  path: Assets/Resources/ItemIcon/carrot.png
  artifactKey: Guid(cb60ce837d9d8d5439e0cbe773466422) Importer(815301076,1909f56bfc062723c751e8b465ee728b)
Start importing Assets/Resources/ItemIcon/carrot.png using Guid(cb60ce837d9d8d5439e0cbe773466422) Importer(815301076,1909f56bfc062723c751e8b465ee728b)  -> (artifact id: '8c56ce72a43ecf0ca1ccb9c192bf1c6e') in 0.029895 seconds
  Import took 0.043278 seconds .

========================================================================
Received Prepare
Registering precompiled user dll's ...
Registered in 0.006296 seconds.
Begin MonoManager ReloadAssembly
Native extension for WindowsStandalone target not found
Native extension for WebGL target not found
Refreshing native plugins compatible for Editor in 1.20 ms, found 0 plugins.
Preloading 0 native plugins for Editor in 0.00 ms.
Invoked RoslynAnalysisRunner static constructor.
RoslynAnalysisRunner will not be running.
RoslynAnalysisRunner has terminated.
Mono: successfully reloaded assembly
- Completed reload, in  3.041 seconds
Platform modules already initialized, skipping
Refreshing native plugins compatible for Editor in 1.21 ms, found 0 plugins.
Preloading 0 native plugins for Editor in 0.00 ms.
Unloading 2456 Unused Serialized files (Serialized files now loaded: 0)
System memory in use before: 103.6 MB.
System memory in use after: 103.8 MB.

Unloading 10 unused Assets to reduce memory usage. Loaded Objects now: 2957.
Total: 4.386100 ms (FindLiveObjects: 0.395600 ms CreateObjectMapping: 0.116000 ms MarkObjects: 3.747600 ms  DeleteObjects: 0.124100 ms)

========================================================================
Received Prepare
Registering precompiled user dll's ...
Registered in 0.006330 seconds.
Begin MonoManager ReloadAssembly
Native extension for WindowsStandalone target not found
Native extension for WebGL target not found
Refreshing native plugins compatible for Editor in 1.51 ms, found 0 plugins.
Preloading 0 native plugins for Editor in 0.00 ms.
Invoked RoslynAnalysisRunner static constructor.
RoslynAnalysisRunner will not be running.
RoslynAnalysisRunner has terminated.
Mono: successfully reloaded assembly
- Completed reload, in  2.886 seconds
Platform modules already initialized, skipping
Refreshing native plugins compatible for Editor in 1.66 ms, found 0 plugins.
Preloading 0 native plugins for Editor in 0.00 ms.
Unloading 2456 Unused Serialized files (Serialized files now loaded: 0)
System memory in use before: 103.6 MB.
System memory in use after: 103.8 MB.

Unloading 10 unused Assets to reduce memory usage. Loaded Objects now: 2960.
Total: 5.989700 ms (FindLiveObjects: 0.455900 ms CreateObjectMapping: 0.124400 ms MarkObjects: 5.175000 ms  DeleteObjects: 0.230900 ms)

========================================================================
Received Prepare
Registering precompiled user dll's ...
Registered in 0.006784 seconds.
Begin MonoManager ReloadAssembly
Native extension for WindowsStandalone target not found
Native extension for WebGL target not found
Refreshing native plugins compatible for Editor in 1.44 ms, found 0 plugins.
Preloading 0 native plugins for Editor in 0.00 ms.
Invoked RoslynAnalysisRunner static constructor.
RoslynAnalysisRunner will not be running.
RoslynAnalysisRunner has terminated.
Mono: successfully reloaded assembly
- Completed reload, in  2.981 seconds
Platform modules already initialized, skipping
Refreshing native plugins compatible for Editor in 1.24 ms, found 0 plugins.
Preloading 0 native plugins for Editor in 0.00 ms.
Unloading 2456 Unused Serialized files (Serialized files now loaded: 0)
System memory in use before: 103.6 MB.
System memory in use after: 103.8 MB.

Unloading 10 unused Assets to reduce memory usage. Loaded Objects now: 2963.
Total: 5.140300 ms (FindLiveObjects: 0.524100 ms CreateObjectMapping: 0.253400 ms MarkObjects: 4.151000 ms  DeleteObjects: 0.209500 ms)

========================================================================
Received Prepare
Registering precompiled user dll's ...
Registered in 0.006872 seconds.
Begin MonoManager ReloadAssembly
Native extension for WindowsStandalone target not found
Native extension for WebGL target not found
Refreshing native plugins compatible for Editor in 1.07 ms, found 0 plugins.
Preloading 0 native plugins for Editor in 0.00 ms.
Invoked RoslynAnalysisRunner static constructor.
RoslynAnalysisRunner will not be running.
RoslynAnalysisRunner has terminated.
Mono: successfully reloaded assembly
- Completed reload, in  3.039 seconds
Platform modules already initialized, skipping
Refreshing native plugins compatible for Editor in 1.12 ms, found 0 plugins.
Preloading 0 native plugins for Editor in 0.00 ms.
Unloading 2456 Unused Serialized files (Serialized files now loaded: 0)
System memory in use before: 103.7 MB.
System memory in use after: 103.9 MB.

Unloading 10 unused Assets to reduce memory usage. Loaded Objects now: 2966.
Total: 5.450700 ms (FindLiveObjects: 0.482500 ms CreateObjectMapping: 0.189300 ms MarkObjects: 4.629400 ms  DeleteObjects: 0.146600 ms)

========================================================================
Received Import Request.
  Time since last request: 381.494903 seconds.
  path: Assets/art/Player/player idle.anim
  artifactKey: Guid(7fb0dda73d326d6428886c5821fe8699) Importer(815301076,1909f56bfc062723c751e8b465ee728b)
Start importing Assets/art/Player/player idle.anim using Guid(7fb0dda73d326d6428886c5821fe8699) Importer(815301076,1909f56bfc062723c751e8b465ee728b)  -> (artifact id: '5122e98e2fc81ef5bee5010a55006d84') in 0.075079 seconds
  Import took 0.085855 seconds .

========================================================================
Received Import Request.
  Time since last request: 0.000654 seconds.
  path: Assets/art/Player/player rake.anim
  artifactKey: Guid(6528e428b432c654cbc6580857f10086) Importer(815301076,1909f56bfc062723c751e8b465ee728b)
Start importing Assets/art/Player/player rake.anim using Guid(6528e428b432c654cbc6580857f10086) Importer(815301076,1909f56bfc062723c751e8b465ee728b)  -> (artifact id: '7681d9ed5e39bf34bff07fc1adb4553f') in 0.019231 seconds
  Import took 0.031001 seconds .

========================================================================
Received Import Request.
  Time since last request: 1.342410 seconds.
  path: Assets/art/Player/player run.anim
  artifactKey: Guid(53e02b535cee6cf448bcc963a2b28d7e) Importer(815301076,1909f56bfc062723c751e8b465ee728b)
Start importing Assets/art/Player/player run.anim using Guid(53e02b535cee6cf448bcc963a2b28d7e) Importer(815301076,1909f56bfc062723c751e8b465ee728b)  -> (artifact id: '647b488024bc9828257ae8121cf2e257') in 0.030098 seconds
  Import took 0.045194 seconds .

========================================================================
Received Import Request.
  Time since last request: 0.625790 seconds.
  path: Assets/art/Player/player wrong.anim
  artifactKey: Guid(2b2de9588b2c7f54994236722d3c5080) Importer(815301076,1909f56bfc062723c751e8b465ee728b)
Start importing Assets/art/Player/player wrong.anim using Guid(2b2de9588b2c7f54994236722d3c5080) Importer(815301076,1909f56bfc062723c751e8b465ee728b)  -> (artifact id: 'b8534888ed905c2845ed208977b3a803') in 0.019690 seconds
  Import took 0.031515 seconds .

========================================================================
Received Import Request.
  Time since last request: 0.009517 seconds.
  path: Assets/art/Player/player wrong.anim
  artifactKey: Guid(2b2de9588b2c7f54994236722d3c5080) Importer(815301076,1909f56bfc062723c751e8b465ee728b)
Start importing Assets/art/Player/player wrong.anim using Guid(2b2de9588b2c7f54994236722d3c5080) Importer(815301076,1909f56bfc062723c751e8b465ee728b)  -> (artifact id: 'b8534888ed905c2845ed208977b3a803') in 0.008197 seconds
  Import took 0.019628 seconds .

========================================================================
Received Import Request.
  Time since last request: 1.821274 seconds.
  path: Assets/art/Player/player find.anim
  artifactKey: Guid(a1ae9b1e172fd66458cdc12161e58101) Importer(815301076,1909f56bfc062723c751e8b465ee728b)
Start importing Assets/art/Player/player find.anim using Guid(a1ae9b1e172fd66458cdc12161e58101) Importer(815301076,1909f56bfc062723c751e8b465ee728b)  -> (artifact id: 'de7974363d96b584774d10bc799bbaeb') in 0.022751 seconds
  Import took 0.034471 seconds .

========================================================================
Received Import Request.
  Time since last request: 0.010861 seconds.
  path: Assets/art/Player/player find.anim
  artifactKey: Guid(a1ae9b1e172fd66458cdc12161e58101) Importer(815301076,1909f56bfc062723c751e8b465ee728b)
Start importing Assets/art/Player/player find.anim using Guid(a1ae9b1e172fd66458cdc12161e58101) Importer(815301076,1909f56bfc062723c751e8b465ee728b)  -> (artifact id: 'de7974363d96b584774d10bc799bbaeb') in 0.009706 seconds
  Import took 0.022037 seconds .

========================================================================
Received Import Request.
  Time since last request: 1.617553 seconds.
  path: Assets/art/Player/Idle Spritesheet_0.controller
  artifactKey: Guid(020272c361fb6fa48a2b31a7739051f3) Importer(815301076,1909f56bfc062723c751e8b465ee728b)
Start importing Assets/art/Player/Idle Spritesheet_0.controller using Guid(020272c361fb6fa48a2b31a7739051f3) Importer(815301076,1909f56bfc062723c751e8b465ee728b)  -> (artifact id: '658091adb0209137f95fff368cc1d6e2') in 0.036790 seconds
  Import took 0.049489 seconds .

========================================================================
Received Import Request.
  Time since last request: 126.168147 seconds.
  path: Assets/art/Player/Wrong.png
  artifactKey: Guid(077448680d705a845b89b4371ed2fb34) Importer(815301076,1909f56bfc062723c751e8b465ee728b)
Start importing Assets/art/Player/Wrong.png using Guid(077448680d705a845b89b4371ed2fb34) Importer(815301076,1909f56bfc062723c751e8b465ee728b)  -> (artifact id: 'b35125370c16e4f2cca0cf5a75e8a24e') in 0.154674 seconds
  Import took 0.167261 seconds .

========================================================================
Received Import Request.
  Time since last request: 8.631319 seconds.
  path: Assets/art/Player/Rake.png
  artifactKey: Guid(ca3ad011943227e47a43811d0f90a863) Importer(815301076,1909f56bfc062723c751e8b465ee728b)
Start importing Assets/art/Player/Rake.png using Guid(ca3ad011943227e47a43811d0f90a863) Importer(815301076,1909f56bfc062723c751e8b465ee728b)  -> (artifact id: '514dbca83b8651e15d7e20d558a3999c') in 0.031223 seconds
  Import took 0.042301 seconds .

========================================================================
Received Import Request.
  Time since last request: 0.013935 seconds.
  path: Assets/art/Player/Rake.png
  artifactKey: Guid(ca3ad011943227e47a43811d0f90a863) Importer(815301076,1909f56bfc062723c751e8b465ee728b)
Start importing Assets/art/Player/Rake.png using Guid(ca3ad011943227e47a43811d0f90a863) Importer(815301076,1909f56bfc062723c751e8b465ee728b)  -> (artifact id: '514dbca83b8651e15d7e20d558a3999c') in 0.023385 seconds
  Import took 0.036730 seconds .

========================================================================
Received Import Request.
  Time since last request: 7.984084 seconds.
  path: Assets/art/Player/Rake.png
  artifactKey: Guid(ca3ad011943227e47a43811d0f90a863) Importer(815301076,1909f56bfc062723c751e8b465ee728b)
Start importing Assets/art/Player/Rake.png using Guid(ca3ad011943227e47a43811d0f90a863) Importer(815301076,1909f56bfc062723c751e8b465ee728b)  -> (artifact id: '8d53ea190d3a19aba7f4b12b1de77ae1') in 0.024336 seconds
  Import took 0.035653 seconds .

========================================================================
Received Prepare
Registering precompiled user dll's ...
Registered in 0.005680 seconds.
Begin MonoManager ReloadAssembly
Native extension for WindowsStandalone target not found
Native extension for WebGL target not found
Refreshing native plugins compatible for Editor in 1.15 ms, found 0 plugins.
Preloading 0 native plugins for Editor in 0.00 ms.
Invoked RoslynAnalysisRunner static constructor.
RoslynAnalysisRunner will not be running.
RoslynAnalysisRunner has terminated.
Mono: successfully reloaded assembly
- Completed reload, in  2.846 seconds
Platform modules already initialized, skipping
Refreshing native plugins compatible for Editor in 1.03 ms, found 0 plugins.
Preloading 0 native plugins for Editor in 0.00 ms.
Unloading 2490 Unused Serialized files (Serialized files now loaded: 0)
System memory in use before: 104.7 MB.
System memory in use after: 104.9 MB.

Unloading 10 unused Assets to reduce memory usage. Loaded Objects now: 3006.
Total: 5.223500 ms (FindLiveObjects: 0.484800 ms CreateObjectMapping: 0.243700 ms MarkObjects: 4.308100 ms  DeleteObjects: 0.184200 ms)

========================================================================
Received Import Request.
  Time since last request: 84.782203 seconds.
  path: Assets/art/Player/Wrong.png
  artifactKey: Guid(077448680d705a845b89b4371ed2fb34) Importer(815301076,1909f56bfc062723c751e8b465ee728b)
Start importing Assets/art/Player/Wrong.png using Guid(077448680d705a845b89b4371ed2fb34) Importer(815301076,1909f56bfc062723c751e8b465ee728b)  -> (artifact id: '15d0b94367fb0605e049e3fbbf46710a') in 0.118356 seconds
  Import took 0.128995 seconds .

========================================================================
Received Import Request.
  Time since last request: 10.864920 seconds.
  path: Assets/art/Player/Wrong.png
  artifactKey: Guid(077448680d705a845b89b4371ed2fb34) Importer(815301076,1909f56bfc062723c751e8b465ee728b)
Start importing Assets/art/Player/Wrong.png using Guid(077448680d705a845b89b4371ed2fb34) Importer(815301076,1909f56bfc062723c751e8b465ee728b)  -> (artifact id: '193c02da52efa55688c57af0b07805ad') in 0.142464 seconds
  Import took 0.155312 seconds .

========================================================================
Received Import Request.
  Time since last request: 12.787370 seconds.
  path: Assets/art/Player/Rake.png
  artifactKey: Guid(ca3ad011943227e47a43811d0f90a863) Importer(815301076,1909f56bfc062723c751e8b465ee728b)
Start importing Assets/art/Player/Rake.png using Guid(ca3ad011943227e47a43811d0f90a863) Importer(815301076,1909f56bfc062723c751e8b465ee728b)  -> (artifact id: '09c815ec19ec424428232446575b401d') in 0.076299 seconds
  Import took 0.091178 seconds .

========================================================================
Received Prepare
Registering precompiled user dll's ...
Registered in 0.007594 seconds.
Begin MonoManager ReloadAssembly
Native extension for WindowsStandalone target not found
Native extension for WebGL target not found
Refreshing native plugins compatible for Editor in 1.19 ms, found 0 plugins.
Preloading 0 native plugins for Editor in 0.00 ms.
Invoked RoslynAnalysisRunner static constructor.
RoslynAnalysisRunner will not be running.
RoslynAnalysisRunner has terminated.
Mono: successfully reloaded assembly
- Completed reload, in  2.951 seconds
Platform modules already initialized, skipping
Refreshing native plugins compatible for Editor in 1.16 ms, found 0 plugins.
Preloading 0 native plugins for Editor in 0.00 ms.
Unloading 2490 Unused Serialized files (Serialized files now loaded: 0)
System memory in use before: 104.8 MB.
System memory in use after: 105.0 MB.

Unloading 10 unused Assets to reduce memory usage. Loaded Objects now: 3014.
Total: 5.862900 ms (FindLiveObjects: 0.892200 ms CreateObjectMapping: 0.260300 ms MarkObjects: 4.528100 ms  DeleteObjects: 0.171700 ms)

========================================================================
Received Prepare
Registering precompiled user dll's ...
Registered in 0.005620 seconds.
Begin MonoManager ReloadAssembly
Native extension for WindowsStandalone target not found
Native extension for WebGL target not found
Refreshing native plugins compatible for Editor in 1.00 ms, found 0 plugins.
Preloading 0 native plugins for Editor in 0.00 ms.
Invoked RoslynAnalysisRunner static constructor.
RoslynAnalysisRunner will not be running.
RoslynAnalysisRunner has terminated.
Mono: successfully reloaded assembly
- Completed reload, in  2.950 seconds
Platform modules already initialized, skipping
Refreshing native plugins compatible for Editor in 1.08 ms, found 0 plugins.
Preloading 0 native plugins for Editor in 0.00 ms.
Unloading 2490 Unused Serialized files (Serialized files now loaded: 0)
System memory in use before: 104.8 MB.
System memory in use after: 105.0 MB.

Unloading 10 unused Assets to reduce memory usage. Loaded Objects now: 3017.
Total: 4.857600 ms (FindLiveObjects: 0.611700 ms CreateObjectMapping: 0.220900 ms MarkObjects: 3.859700 ms  DeleteObjects: 0.160800 ms)

========================================================================
Received Prepare
Registering precompiled user dll's ...
Registered in 0.004986 seconds.
Begin MonoManager ReloadAssembly
Native extension for WindowsStandalone target not found
Native extension for WebGL target not found
Refreshing native plugins compatible for Editor in 1.13 ms, found 0 plugins.
Preloading 0 native plugins for Editor in 0.00 ms.
Invoked RoslynAnalysisRunner static constructor.
RoslynAnalysisRunner will not be running.
RoslynAnalysisRunner has terminated.
Mono: successfully reloaded assembly
- Completed reload, in  3.154 seconds
Platform modules already initialized, skipping
Refreshing native plugins compatible for Editor in 1.25 ms, found 0 plugins.
Preloading 0 native plugins for Editor in 0.00 ms.
Unloading 2490 Unused Serialized files (Serialized files now loaded: 0)
System memory in use before: 104.8 MB.
System memory in use after: 105.0 MB.

Unloading 10 unused Assets to reduce memory usage. Loaded Objects now: 3020.
Total: 5.855000 ms (FindLiveObjects: 0.532800 ms CreateObjectMapping: 0.456700 ms MarkObjects: 4.620100 ms  DeleteObjects: 0.241300 ms)

========================================================================
Received Import Request.
  Time since last request: 8029.827998 seconds.
  path: Assets/Resources/Item/collectable.prefab
  artifactKey: Guid(7eaeb52742880ed46b2d833f870c32a1) Importer(815301076,1909f56bfc062723c751e8b465ee728b)
Start importing Assets/Resources/Item/collectable.prefab using Guid(7eaeb52742880ed46b2d833f870c32a1) Importer(815301076,1909f56bfc062723c751e8b465ee728b)  -> (artifact id: 'f38be4f14ec0202f0e1ec46d6e576298') in 0.094541 seconds
  Import took 0.113471 seconds .

========================================================================
Received Import Request.
  Time since last request: 6.264366 seconds.
  path: Assets/Resources/Item/collectable.prefab
  artifactKey: Guid(7eaeb52742880ed46b2d833f870c32a1) Importer(815301076,1909f56bfc062723c751e8b465ee728b)
Start importing Assets/Resources/Item/collectable.prefab using Guid(7eaeb52742880ed46b2d833f870c32a1) Importer(815301076,1909f56bfc062723c751e8b465ee728b)  -> (artifact id: 'e1e48ad1c9dc759bdc479e88993204f7') in 0.011307 seconds
  Import took 0.028694 seconds .

========================================================================
Received Import Request.
  Time since last request: 2.954866 seconds.
  path: Assets/Resources/Item/collectable.prefab
  artifactKey: Guid(7eaeb52742880ed46b2d833f870c32a1) Importer(815301076,1909f56bfc062723c751e8b465ee728b)
Start importing Assets/Resources/Item/collectable.prefab using Guid(7eaeb52742880ed46b2d833f870c32a1) Importer(815301076,1909f56bfc062723c751e8b465ee728b)  -> (artifact id: 'bc631f658757e48a032a839d4fc2124b') in 0.010242 seconds
  Import took 0.027512 seconds .

========================================================================
Received Prepare
Registering precompiled user dll's ...
Registered in 0.005575 seconds.
Begin MonoManager ReloadAssembly
Native extension for WindowsStandalone target not found
Native extension for WebGL target not found
Refreshing native plugins compatible for Editor in 1.10 ms, found 0 plugins.
Preloading 0 native plugins for Editor in 0.00 ms.
Invoked RoslynAnalysisRunner static constructor.
RoslynAnalysisRunner will not be running.
RoslynAnalysisRunner has terminated.
Mono: successfully reloaded assembly
- Completed reload, in  2.791 seconds
Platform modules already initialized, skipping
Refreshing native plugins compatible for Editor in 1.10 ms, found 0 plugins.
Preloading 0 native plugins for Editor in 0.00 ms.
Unloading 2490 Unused Serialized files (Serialized files now loaded: 0)
System memory in use before: 104.8 MB.
System memory in use after: 105.0 MB.

Unloading 10 unused Assets to reduce memory usage. Loaded Objects now: 3023.
Total: 5.599600 ms (FindLiveObjects: 0.439000 ms CreateObjectMapping: 0.135200 ms MarkObjects: 4.862400 ms  DeleteObjects: 0.159900 ms)

========================================================================
Received Prepare
Registering precompiled user dll's ...
Registered in 0.005888 seconds.
Begin MonoManager ReloadAssembly
Native extension for WindowsStandalone target not found
Native extension for WebGL target not found
Refreshing native plugins compatible for Editor in 1.05 ms, found 0 plugins.
Preloading 0 native plugins for Editor in 0.00 ms.
Invoked RoslynAnalysisRunner static constructor.
RoslynAnalysisRunner will not be running.
RoslynAnalysisRunner has terminated.
Mono: successfully reloaded assembly
- Completed reload, in  2.725 seconds
Platform modules already initialized, skipping
Refreshing native plugins compatible for Editor in 1.32 ms, found 0 plugins.
Preloading 0 native plugins for Editor in 0.00 ms.
Unloading 2490 Unused Serialized files (Serialized files now loaded: 0)
System memory in use before: 104.8 MB.
System memory in use after: 105.0 MB.

Unloading 10 unused Assets to reduce memory usage. Loaded Objects now: 3026.
Total: 5.883400 ms (FindLiveObjects: 0.602000 ms CreateObjectMapping: 0.221100 ms MarkObjects: 4.836200 ms  DeleteObjects: 0.220100 ms)

========================================================================
Received Import Request.
  Time since last request: 368.813017 seconds.
  path: Assets/Resources/Item/carrot.prefab
  artifactKey: Guid(e1e06b0498cb9cc45af87d3bed8e9c70) Importer(815301076,1909f56bfc062723c751e8b465ee728b)
Start importing Assets/Resources/Item/carrot.prefab using Guid(e1e06b0498cb9cc45af87d3bed8e9c70) Importer(815301076,1909f56bfc062723c751e8b465ee728b)  -> (artifact id: 'aa5f9c40329dc281adc820cb0800dfcc') in 0.411955 seconds
  Import took 0.427621 seconds .

========================================================================
Received Import Request.
  Time since last request: 0.882698 seconds.
  path: Assets/Resources/Item/leave.prefab
  artifactKey: Guid(fb71f4f9673ae7d408ffa263409ffad6) Importer(815301076,1909f56bfc062723c751e8b465ee728b)
Start importing Assets/Resources/Item/leave.prefab using Guid(fb71f4f9673ae7d408ffa263409ffad6) Importer(815301076,1909f56bfc062723c751e8b465ee728b)  -> (artifact id: 'f86d4c58bab9744dd56ed3aeb215ed21') in 0.101681 seconds
  Import took 0.114467 seconds .

========================================================================
Received Prepare
Registering precompiled user dll's ...
Registered in 0.005713 seconds.
Begin MonoManager ReloadAssembly
Native extension for WindowsStandalone target not found
Native extension for WebGL target not found
Refreshing native plugins compatible for Editor in 1.15 ms, found 0 plugins.
Preloading 0 native plugins for Editor in 0.00 ms.
Invoked RoslynAnalysisRunner static constructor.
RoslynAnalysisRunner will not be running.
RoslynAnalysisRunner has terminated.
Mono: successfully reloaded assembly
- Completed reload, in  2.772 seconds
Platform modules already initialized, skipping
Refreshing native plugins compatible for Editor in 1.45 ms, found 0 plugins.
Preloading 0 native plugins for Editor in 0.00 ms.
Unloading 2490 Unused Serialized files (Serialized files now loaded: 0)
System memory in use before: 104.8 MB.
System memory in use after: 105.0 MB.

Unloading 11 unused Assets to reduce memory usage. Loaded Objects now: 3030.
Total: 5.979900 ms (FindLiveObjects: 0.664500 ms CreateObjectMapping: 0.247100 ms MarkObjects: 4.697700 ms  DeleteObjects: 0.366800 ms)

